build/intermediates/manifest_merge_blame_file/debug/processDebugMainManifest/manifest-merger-blame-debug-report.txt
1<?xml version="1.0" encoding="utf-8"?>
2<manifest xmlns:android="http://schemas.android.com/apk/res/android"
3    package="com.example.uhf"
4    android:versionCode="1"
5    android:versionName="1.0" >
6
7    <uses-sdk
8        android:minSdkVersion="19"
9        android:targetSdkVersion="30" />
10
11    <uses-permission android:name="android.permission.ACCESS_NETWORK_STATE" />
11-->src\main\AndroidManifest.xml:7:5-79
11-->src\main\AndroidManifest.xml:7:22-76
12    <uses-permission android:name="android.permission.INTERNET" />
12-->src\main\AndroidManifest.xml:8:5-67
12-->src\main\AndroidManifest.xml:8:22-64
13    <uses-permission android:name="android.permission.WRITE_EXTERNAL_STORAGE" />
13-->src\main\AndroidManifest.xml:9:5-81
13-->src\main\AndroidManifest.xml:9:22-78
14    <uses-permission android:name="android.permission.READ_PHONE_STATE" />
14-->src\main\AndroidManifest.xml:10:5-75
14-->src\main\AndroidManifest.xml:10:22-72
15    <uses-permission android:name="android.permission.READ_EXTERNAL_STORAGE" />
15-->src\main\AndroidManifest.xml:11:5-80
15-->src\main\AndroidManifest.xml:11:22-77
16    <uses-permission android:name="android.permission.MANAGE_EXTERNAL_STORAGE" />
16-->src\main\AndroidManifest.xml:12:5-81
16-->src\main\AndroidManifest.xml:12:22-79
17    <uses-permission android:name="android.permission.BLUETOOTH_ADMIN" />
17-->[DeviceAPI_ver20231208_release.aar] AndroidManifest.xml:12:5-74
17-->[DeviceAPI_ver20231208_release.aar] AndroidManifest.xml:12:22-71
18    <uses-permission android:name="android.permission.CAMERA" />
18-->[DeviceAPI_ver20231208_release.aar] AndroidManifest.xml:13:5-65
18-->[DeviceAPI_ver20231208_release.aar] AndroidManifest.xml:13:22-62
19    <uses-permission android:name="android.permission.CHANGE_WIFI_STATE" />
19-->[DeviceAPI_ver20231208_release.aar] AndroidManifest.xml:14:5-76
19-->[DeviceAPI_ver20231208_release.aar] AndroidManifest.xml:14:22-73
20
21    <application
21-->src\main\AndroidManifest.xml:14:5-39:19
22        android:name="com.example.uhf.tools.MyContext"
22-->src\main\AndroidManifest.xml:20:9-40
23        android:allowBackup="true"
23-->src\main\AndroidManifest.xml:16:9-35
24        android:appComponentFactory="androidx.core.app.CoreComponentFactory"
24-->[androidx.core:core:1.0.0] AndroidManifest.xml:22:18-86
25        android:debuggable="true"
26        android:extractNativeLibs="true"
27        android:icon="@drawable/ic_launcher"
27-->src\main\AndroidManifest.xml:17:9-45
28        android:label="@string/app_name"
28-->src\main\AndroidManifest.xml:18:9-41
29        android:supportsRtl="true"
29-->[com.github.MdFarhanRaja:SearchableSpinner:2.0] AndroidManifest.xml:14:9-35
30        android:theme="@style/CustomTheme"
30-->src\main\AndroidManifest.xml:19:9-43
31        android:usesCleartextTraffic="true" >
31-->src\main\AndroidManifest.xml:15:9-44
32        <activity
32-->src\main\AndroidManifest.xml:22:9-33:20
33            android:name="com.example.uhf.activity.Login"
33-->src\main\AndroidManifest.xml:24:13-43
34            android:exported="false"
34-->src\main\AndroidManifest.xml:23:13-37
35            android:label="@string/app_name"
35-->src\main\AndroidManifest.xml:25:13-45
36            android:screenOrientation="portrait"
36-->src\main\AndroidManifest.xml:27:13-49
37            android:windowSoftInputMode="stateHidden" >
37-->src\main\AndroidManifest.xml:26:13-54
38            <intent-filter>
38-->src\main\AndroidManifest.xml:28:13-32:29
39                <action android:name="android.intent.action.MAIN" />
39-->src\main\AndroidManifest.xml:29:17-69
39-->src\main\AndroidManifest.xml:29:25-66
40
41                <category android:name="android.intent.category.LAUNCHER" />
41-->src\main\AndroidManifest.xml:31:17-77
41-->src\main\AndroidManifest.xml:31:27-74
42            </intent-filter>
43        </activity>
44        <activity
44-->src\main\AndroidManifest.xml:34:9-87
45            android:name="com.example.uhf.activity.UHFMainActivity"
45-->src\main\AndroidManifest.xml:34:19-59
46            android:exported="false" />
46-->src\main\AndroidManifest.xml:34:60-84
47        <activity
47-->src\main\AndroidManifest.xml:35:9-89
48            android:name="com.example.uhf.activity.UHFTaggingActivity"
48-->src\main\AndroidManifest.xml:35:19-62
49            android:exported="false" />
49-->src\main\AndroidManifest.xml:35:63-87
50        <activity
50-->src\main\AndroidManifest.xml:36:9-75
51            android:name="com.example.uhf.activity.Home"
51-->src\main\AndroidManifest.xml:36:19-48
52            android:exported="false" />
52-->src\main\AndroidManifest.xml:36:49-73
53        <activity
53-->src\main\AndroidManifest.xml:37:9-84
54            android:name="com.example.uhf.activity.AuditActivity"
54-->src\main\AndroidManifest.xml:37:19-57
55            android:exported="false" />
55-->src\main\AndroidManifest.xml:37:58-82
56        <activity
56-->src\main\AndroidManifest.xml:38:9-85
57            android:name="com.example.uhf.activity.ReportActivity"
57-->src\main\AndroidManifest.xml:38:19-58
58            android:exported="false" />
58-->src\main\AndroidManifest.xml:38:59-83
59    </application>
60
61</manifest>